Mantra Server v13.08.09a(AMD64 (x86_64) - Linux) Net(4) Build(1) (C)2020 Seth Parson
BUILD: Apr 28 2020 18:52:18
SQLite version 3.31.1 [data.sqlite]
server.ini loaded
name  = [mantra]
admin = [seth@mantras.com]
web   = [mantras.com]
MOTD  = [mantra]
World loaded...
(Type '/help' for help on commands)
Loading seth
Joined chat channel: SYSTEM
Joined chat channel: GENERAL
Joined chat channel: TRADE
Saving seth
SYSTEM->2
GENERAL->6
TRADE->5
Saving chat setup SYSTEM,GENERAL,TRADE
Listening on port [55555]
>help
>/help
[List of available commands]====================================
/nuy.............................Allow new user accounts
/nun.............................Do not allow new user accounts
/ann <message>...................Announce a message to the entire server
/msg <name> <message>............Send message to specific player
/motd [new motd].................View, or change the message of the day
/who.............................List online players
/users...........................List users from database
/add_user <name> [access]........Add new user to database
/remove_user <name>..............Remove a user account
/kick_user <name> [message]......Kick player with optional message
/access <name> <access>..........Change player's access level
/kill [minutes]..................Kill the server [minutes] (CTRL-C immediate)
/unkill..........................Stop kill countdown
/restart [minutes]...............Restart the server [minutes]
/unrestart.......................Stop restart countdown
/time............................See time / timestamp
======================================================[End List]
>/users
>/who
>/time
Wed Apr 29 02:39:07 2020
timestamp: 1588142347
World saved...
World saved...
World saved...
World saved...
World saved...
World saved...
World saved...
World saved...
World saved...
World saved...
World saved...
World saved...
World saved...
World saved...
World saved...
World saved...
World saved...
World saved...
World saved...
World saved...
World saved...
World saved...
World saved...
World saved...
World saved...
World saved...
World saved...
World saved...
World saved...
World saved...
World saved...
World saved...
World saved...
World saved...
World saved...
World saved...
World saved...
World saved...
World saved...
World saved...
World saved...
World saved...
World saved...
World saved...
World saved...
World saved...
World saved...
World saved...
World saved...
World saved...
World saved...
World saved...
World saved...
World saved...
World saved...
World saved...
World saved...
World saved...
World saved...
World saved...
World saved...
World saved...
World saved...
World saved...
World saved...
World saved...
World saved...
World saved...
World saved...
World saved...
World saved...
World saved...
World saved...
World saved...
World saved...
World saved...
World saved...
World saved...
World saved...
World saved...
World saved...
World saved...
World saved...
World saved...
World saved...
World saved...
World saved...
World saved...
World saved...
World saved...
World saved...
World saved...
World saved...
World saved...
World saved...
World saved...
World saved...
World saved...
World saved...
World saved...
World saved...
World saved...
World saved...
World saved...
World saved...
World saved...
World saved...
World saved...
World saved...
World saved...
World saved...
World saved...
World saved...
World saved...
World saved...
World saved...
World saved...
World saved...
World saved...
World saved...
World saved...
World saved...
World saved...
World saved...
World saved...
World saved...
World saved...
World saved...
World saved...
World saved...
World saved...
World saved...
World saved...
World saved...
World saved...
World saved...
World saved...
World saved...
World saved...
World saved...
World saved...
World saved...
World saved...
World saved...
World saved...
World saved...
World saved...
World saved...
World saved...
World saved...
World saved...
World saved...
World saved...
World saved...
World saved...
World saved...
World saved...
World saved...
World saved...
World saved...
World saved...
World saved...
World saved...
World saved...
World saved...
World saved...
World saved...
World saved...
World saved...
World saved...
World saved...
World saved...
World saved...
World saved...
World saved...
World saved...
World saved...
World saved...
World saved...
World saved...
World saved...
World saved...
World saved...
World saved...
World saved...
World saved...
World saved...
World saved...
World saved...
World saved...
