(Wed Sep 28 08:02:48 2011):            ЩЭЭЭЭЭЭЭЭЭЭЭЭЭЭЭЭЭЭЭЭЭЭЭЭЭЭЭЭЭЭЭЭЭЭЭЭЭЭЭЭЭЛ
(Wed Sep 28 08:02:48 2011):            К.  АААААА АА   АА ААААА. АААААА ААААА    К
(Wed Sep 28 08:02:48 2011):            К   АА     ААА ААА АА  АА АА .   АА .АА   К
(Wed Sep 28 08:02:48 2011):            К   ББББ   ББАААББ АААББ  БАААБ  АА  БА.  К
(Wed Sep 28 08:02:48 2011):            К   ВБ    .ББ Б ББ ББ  ВБ ББ     ББВВБ    К
(Wed Sep 28 08:02:48 2011):            К  .ВВ     ВВ.  ВВ БВ  ВВ ВВ     ВВ  ВВ . К
(Wed Sep 28 08:02:48 2011):            К   ВллВВл лл   Вл ВллВл  лВВлВВ лВ  лВ   К
(Wed Sep 28 08:02:48 2011):            ШЭЭЭЭЭЭЭЭЭЭЭЭЭЭЭЭЭЭЭЭЭЭЭЭЭЭЭЭЭЭЭЭЭЭЭЭЭЭЭЭЭМ
(Wed Sep 28 08:02:48 2011):EGS Version (11.09.21) Patch (00) Net Revision (01) (C) 2011
(Wed Sep 28 08:02:48 2011):АБВлллллллллллллллпппплппппппппллллпппплллллллллллпппплллллллллВБА
(Wed Sep 28 08:02:48 2011):                  мллм млллллп     млл             лл 
(Wed Sep 28 08:02:48 2011):                млп      ол  млл  лп пл  млллллп  ол  
(Wed Sep 28 08:02:48 2011):                плммм    лн лп л лн мл     ол     л   
(Wed Sep 28 08:02:48 2011):                  пплл  ол ол мл ллплл     лн    он   
(Wed Sep 28 08:02:48 2011):                мм  ол  лн ллплл лл  ол   ол          
(Wed Sep 28 08:02:48 2011):                 пппп      лн лн л    л   лн    л     
(Wed Sep 28 08:02:48 2011):АБВлллллллллллллллллллллллмммммммммллмммлмммлллмммлллллллллллллВБА
(Wed Sep 28 08:02:48 2011):Windows XP (or higher) Service Pack 1 (Build 7601)
(Wed Sep 28 08:02:49 2011):Listening on port [nullz]
(Wed Sep 28 08:02:49 2011):World loaded...
(Wed Sep 28 08:02:49 2011):(Type '/help' for help on commands)
(Wed Sep 28 08:02:49 2011):АБВллллллллллллллллллллллллллллллллллллллллллллллллллллллллллллВБА
(Wed Sep 28 08:02:54 2011):Mouse [X] killed server!
