(Tue Jul 23 08:27:47 2013):Name

(Tue Jul 23 08:27:47 2013):d41d8cd98f00b204e9800998

(Tue Jul 23 08:27:47 2013): Name [d41d8cd98f00b204e9800998]

(Tue Jul 23 08:27:47 2013):Password

(Tue Jul 23 08:27:47 2013):

(Tue Jul 23 08:27:47 2013):Save Password

(Tue Jul 23 08:27:47 2013):on

(Tue Jul 23 08:27:47 2013):Last Server

(Tue Jul 23 08:27:47 2013):Ember Server

(Tue Jul 23 08:27:47 2013):Last Server IP

(Tue Jul 23 08:27:47 2013):

(Tue Jul 23 08:27:47 2013):Port

(Tue Jul 23 08:27:47 2013):

(Tue Jul 23 08:27:47 2013):Log

(Tue Jul 23 08:27:47 2013):on

(Tue Jul 23 08:27:47 2013):Download

(Tue Jul 23 08:27:47 2013):on

(Tue Jul 23 08:27:47 2013):Sound

(Tue Jul 23 08:27:47 2013):on

(Tue Jul 23 08:27:47 2013):Sound Volume

(Tue Jul 23 08:27:47 2013):100.000000

(Tue Jul 23 08:27:47 2013):Music

(Tue Jul 23 08:27:47 2013):on

(Tue Jul 23 08:27:47 2013):Music Volume

(Tue Jul 23 08:27:47 2013):100.000000

(Tue Jul 23 08:27:47 2013):Master Server

(Tue Jul 23 08:27:47 2013):

(Tue Jul 23 08:27:47 2013):Master Server Port

(Tue Jul 23 08:27:47 2013):

(Tue Jul 23 08:27:47 2013):FullScreen

(Tue Jul 23 08:27:47 2013):on

(Tue Jul 23 08:27:47 2013): bFullScreen [1]

(Tue Jul 23 08:27:47 2013):Screen Width

(Tue Jul 23 08:27:47 2013):1920

(Tue Jul 23 08:27:47 2013): ScreenWidth [1920]

(Tue Jul 23 08:27:47 2013):Screen Height

(Tue Jul 23 08:27:47 2013):1080

(Tue Jul 23 08:27:47 2013): ScreenHeight [1080]

(Tue Jul 23 08:27:47 2013):Screen Colors

(Tue Jul 23 08:27:47 2013):24

(Tue Jul 23 08:27:47 2013): ScreenColors [24]

