(Tue Jul 09 02:38:47 2013):===========================================================================GAF constructed

(Tue Jul 09 02:38:47 2013):Adding File:gumps/actionbar.ctrl
(Tue Jul 09 02:38:47 2013):Adding File:gumps/choose_chars.gui
(Tue Jul 09 02:38:47 2013):Adding File:gumps/connect.gui
(Tue Jul 09 02:38:47 2013):Adding File:gumps/console.gui
(Tue Jul 09 02:38:47 2013):Adding File:gumps/console.gui_bak
(Tue Jul 09 02:38:47 2013):Adding File:gumps/create_character.gui
(Tue Jul 09 02:38:47 2013):Adding File:gumps/create_characters.gui
(Tue Jul 09 02:38:47 2013):Adding File:gumps/devil.gui
(Tue Jul 09 02:38:47 2013):Adding File:gumps/editmenu.gui
(Tue Jul 09 02:38:47 2013):Adding File:gumps/editmenu.gui_bak
(Tue Jul 09 02:38:47 2013):Adding File:gumps/fav_man_add.gui
(Tue Jul 09 02:38:47 2013):Adding File:gumps/fav_man_del.gui
(Tue Jul 09 02:38:47 2013):Adding File:gumps/fav_man_mod.gui
(Tue Jul 09 02:38:47 2013):Adding File:gumps/file_selector.gui
(Tue Jul 09 02:38:47 2013):Adding File:gumps/file_selector.gui_bak
(Tue Jul 09 02:38:47 2013):Adding File:gumps/gameactionbar.gui
(Tue Jul 09 02:38:47 2013):Adding File:gumps/gameon.gui
(Tue Jul 09 02:38:47 2013):Adding File:gumps/guictrledit - Copy.gui
(Tue Jul 09 02:38:47 2013):Adding File:gumps/guictrledit.gui
(Tue Jul 09 02:38:47 2013):Adding File:gumps/guictrledit.gui_bak
(Tue Jul 09 02:38:47 2013):Adding File:gumps/guistumpedit - Copy.gui
(Tue Jul 09 02:38:47 2013):Adding File:gumps/guistumpedit.gui
(Tue Jul 09 02:38:47 2013):Adding File:gumps/guistumpedit.gui_bak
(Tue Jul 09 02:38:47 2013):Adding File:gumps/main.gui
(Tue Jul 09 02:38:47 2013):Adding File:gumps/main.gui_bak
(Tue Jul 09 02:38:47 2013):Adding File:gumps/Name.gui
(Tue Jul 09 02:38:47 2013):Adding File:gumps/penguin.gui
(Tue Jul 09 02:38:47 2013):Adding File:gumps/prompt.gui
(Tue Jul 09 02:38:47 2013):Adding File:gumps/prompt.gui.bak
(Tue Jul 09 02:38:47 2013):Adding File:gumps/scroll.gui
(Tue Jul 09 02:38:47 2013):Adding File:gumps/servers.gui
(Tue Jul 09 02:38:47 2013):Adding File:gumps/skull.gui
(Tue Jul 09 02:38:47 2013):Adding File:gumps/spellbook.gui
(Tue Jul 09 02:38:47 2013):Adding File:gumps/stuff.gui
(Tue Jul 09 02:38:47 2013):Adding File:gumps/stuff.gui.bak
(Tue Jul 09 02:38:47 2013):Adding File:gumps/test.gui
(Tue Jul 09 02:38:47 2013):Adding File:gumps/test.gui.bak
(Tue Jul 09 02:38:47 2013):Adding File:gumps/testar.ctrl
(Tue Jul 09 02:38:47 2013):Adding File:gumps/treasure.gui
(Tue Jul 09 02:38:47 2013):===========================================================================GAF constructed

(Tue Jul 09 02:38:47 2013):Adding File:base/b0000 (2).bmp
(Tue Jul 09 02:38:47 2013):Adding File:base/b0000.bmp
(Tue Jul 09 02:38:47 2013):Adding File:base/b0001.bmp
(Tue Jul 09 02:38:47 2013):Adding File:base/b0001mask.bmp
(Tue Jul 09 02:38:47 2013):Adding File:base/b0002.bmp
(Tue Jul 09 02:38:47 2013):Adding File:base/b0003.bmp
(Tue Jul 09 02:38:47 2013):Adding File:base/b0003mask.bmp
(Tue Jul 09 02:38:47 2013):Adding File:base/b0004.bmp
(Tue Jul 09 02:38:47 2013):Adding File:base/b0004mask.bmp
(Tue Jul 09 02:38:47 2013):Adding File:base/b0006.bmp
(Tue Jul 09 02:38:47 2013):Adding File:base/b0006mask.bmp
(Tue Jul 09 02:38:47 2013):Adding File:base/b0007.bmp
(Tue Jul 09 02:38:47 2013):Adding File:base/b0008.bmp
(Tue Jul 09 02:38:47 2013):Adding File:base/b0008mask.bmp
(Tue Jul 09 02:38:47 2013):Adding File:base/b0009.bmp
(Tue Jul 09 02:38:47 2013):Adding File:base/b0010.bmp
(Tue Jul 09 02:38:47 2013):Adding File:base/b0011.bmp
(Tue Jul 09 02:38:47 2013):Adding File:base/b0012.bmp
(Tue Jul 09 02:38:47 2013):Adding File:base/b0012mask.bmp
(Tue Jul 09 02:38:47 2013):Adding File:base/b0013.bmp
(Tue Jul 09 02:38:47 2013):Adding File:base/b0013mask.bmp
(Tue Jul 09 02:38:47 2013):Adding File:base/b0014.bmp
(Tue Jul 09 02:38:47 2013):Adding File:base/b0015.bmp
(Tue Jul 09 02:38:48 2013):Adding File:base/b0016.bmp
(Tue Jul 09 02:38:48 2013):Adding File:base/b0016mask.bmp
(Tue Jul 09 02:38:48 2013):Adding File:base/b0017.bmp
(Tue Jul 09 02:38:48 2013):Adding File:base/b0017mask.bmp
(Tue Jul 09 02:38:48 2013):Adding File:base/b0018.bmp
(Tue Jul 09 02:38:48 2013):Adding File:base/b0018mask.bmp
(Tue Jul 09 02:38:48 2013):Adding File:base/b0019.bmp
(Tue Jul 09 02:38:48 2013):Adding File:base/b0019mask.bmp
(Tue Jul 09 02:38:48 2013):Adding File:base/b0020.bmp
(Tue Jul 09 02:38:48 2013):Adding File:base/b0021.bmp
(Tue Jul 09 02:38:48 2013):Adding File:base/b0021mask.bmp
(Tue Jul 09 02:38:48 2013):Adding File:base/b0022.bmp
(Tue Jul 09 02:38:48 2013):Adding File:base/b0022mask.bmp
(Tue Jul 09 02:38:48 2013):Adding File:base/b0023.bmp
(Tue Jul 09 02:38:48 2013):Adding File:base/b0023mask.bmp
(Tue Jul 09 02:38:48 2013):Adding File:base/b0024.bmp
(Tue Jul 09 02:38:48 2013):Adding File:base/b0024mask.bmp
(Tue Jul 09 02:38:48 2013):Adding File:base/b0025.bmp
(Tue Jul 09 02:38:48 2013):Adding File:base/b0025mask.bmp
(Tue Jul 09 02:38:48 2013):Adding File:base/b0026.bmp
(Tue Jul 09 02:38:48 2013):Adding File:base/b0026mask.bmp
(Tue Jul 09 02:38:48 2013):Adding File:base/b0028.bmp
(Tue Jul 09 02:38:48 2013):Adding File:base/b0028mask.bmp
(Tue Jul 09 02:38:48 2013):Adding File:base/b0029.bmp
(Tue Jul 09 02:38:48 2013):Adding File:base/b0029mask.bmp
(Tue Jul 09 02:38:48 2013):Adding File:base/b0030.bmp
(Tue Jul 09 02:38:48 2013):Adding File:base/b0030mask.bmp
(Tue Jul 09 02:38:48 2013):Adding File:base/b0031.bmp
(Tue Jul 09 02:38:48 2013):Adding File:base/b0031mask.bmp
(Tue Jul 09 02:38:48 2013):Adding File:base/b0032.bmp
(Tue Jul 09 02:38:48 2013):Adding File:base/b0033.bmp
(Tue Jul 09 02:38:48 2013):Adding File:base/b0034.bmp
(Tue Jul 09 02:38:48 2013):Adding File:base/b0035.bmp
(Tue Jul 09 02:38:48 2013):Adding File:base/b0036.bmp
(Tue Jul 09 02:38:48 2013):Adding File:base/b0037.bmp
(Tue Jul 09 02:38:48 2013):Adding File:base/b0038.bmp
(Tue Jul 09 02:38:48 2013):Adding File:base/b0039.bmp
(Tue Jul 09 02:38:48 2013):Adding File:base/b0040.bmp
(Tue Jul 09 02:38:48 2013):Adding File:base/b0041.bmp
(Tue Jul 09 02:38:48 2013):Adding File:base/b0042.bmp
(Tue Jul 09 02:38:48 2013):Adding File:base/b0043.bmp
(Tue Jul 09 02:38:48 2013):Adding File:base/b0044.bmp
(Tue Jul 09 02:38:48 2013):Adding File:base/b0045.bmp
(Tue Jul 09 02:38:48 2013):Adding File:base/b0046.bmp
(Tue Jul 09 02:38:48 2013):Adding File:base/b0047.bmp
(Tue Jul 09 02:38:48 2013):Adding File:base/b0048.bmp
(Tue Jul 09 02:38:48 2013):Adding File:base/b0049.bmp
(Tue Jul 09 02:38:48 2013):Adding File:base/b0050.bmp
(Tue Jul 09 02:38:48 2013):Adding File:base/b0051.bmp
(Tue Jul 09 02:38:48 2013):Adding File:base/b0052.bmp
(Tue Jul 09 02:38:48 2013):Adding File:base/b0052mask.bmp
(Tue Jul 09 02:38:48 2013):Adding File:base/b0053.bmp
(Tue Jul 09 02:38:48 2013):Adding File:base/b0054.bmp
(Tue Jul 09 02:38:48 2013):Adding File:base/b0054mask.bmp
(Tue Jul 09 02:38:48 2013):Adding File:base/b0055.bmp
(Tue Jul 09 02:38:48 2013):Adding File:base/b0055mask.bmp
(Tue Jul 09 02:38:48 2013):Adding File:base/b0056.bmp
(Tue Jul 09 02:38:48 2013):Adding File:base/b0056mask.bmp
(Tue Jul 09 02:38:48 2013):Adding File:base/b0057.bmp
(Tue Jul 09 02:38:48 2013):Adding File:base/b0057mask.bmp
(Tue Jul 09 02:38:48 2013):Adding File:base/b0058.bmp
(Tue Jul 09 02:38:48 2013):Adding File:base/b0058mask.bmp
(Tue Jul 09 02:38:48 2013):Adding File:base/b0059.bmp
(Tue Jul 09 02:38:48 2013):Adding File:base/b0059mask.bmp
(Tue Jul 09 02:38:48 2013):Adding File:base/b0060.bmp
(Tue Jul 09 02:38:48 2013):Adding File:base/b0060mask.bmp
(Tue Jul 09 02:38:48 2013):Adding File:base/b0061.bmp
(Tue Jul 09 02:38:48 2013):Adding File:base/b0061mask.bmp
(Tue Jul 09 02:38:48 2013):Adding File:base/b0062.bmp
(Tue Jul 09 02:38:48 2013):Adding File:base/b0062mask.bmp
(Tue Jul 09 02:38:48 2013):Adding File:base/b0063.bmp
(Tue Jul 09 02:38:48 2013):Adding File:base/b0063mask.bmp
(Tue Jul 09 02:38:48 2013):Adding File:base/b0064.bmp
(Tue Jul 09 02:38:48 2013):Adding File:base/b0064mask.bmp
(Tue Jul 09 02:38:48 2013):Adding File:base/b0065.bmp
(Tue Jul 09 02:38:48 2013):Adding File:base/b0065mask.bmp
(Tue Jul 09 02:38:48 2013):Adding File:base/b0066.bmp
(Tue Jul 09 02:38:48 2013):Adding File:base/b0066mask.bmp
(Tue Jul 09 02:38:48 2013):Adding File:base/b0067.bmp
(Tue Jul 09 02:38:48 2013):Adding File:base/b0067mask.bmp
(Tue Jul 09 02:38:48 2013):Adding File:base/b0068.bmp
(Tue Jul 09 02:38:48 2013):Adding File:base/b0068mask.bmp
(Tue Jul 09 02:38:48 2013):Adding File:base/b0069.bmp
(Tue Jul 09 02:38:48 2013):Adding File:base/b0069mask.bmp
(Tue Jul 09 02:38:48 2013):Adding File:base/b0070.bmp
(Tue Jul 09 02:38:48 2013):Adding File:base/b0070mask.bmp
(Tue Jul 09 02:38:48 2013):Adding File:base/b0071.bmp
(Tue Jul 09 02:38:48 2013):Adding File:base/b0071mask.bmp
(Tue Jul 09 02:38:48 2013):Adding File:base/b0072.bmp
(Tue Jul 09 02:38:48 2013):Adding File:base/b0072mask.bmp
(Tue Jul 09 02:38:48 2013):Adding File:base/b0073.bmp
(Tue Jul 09 02:38:48 2013):Adding File:base/b0073mask.bmp
(Tue Jul 09 02:38:48 2013):Adding File:base/b0074.bmp
(Tue Jul 09 02:38:48 2013):Adding File:base/b0074mask.bmp
(Tue Jul 09 02:38:48 2013):Adding File:base/b0075.bmp
(Tue Jul 09 02:38:48 2013):Adding File:base/b0076.bmp
(Tue Jul 09 02:38:48 2013):Adding File:base/b0077.bmp
(Tue Jul 09 02:38:48 2013):Adding File:base/b0077mask.bmp
(Tue Jul 09 02:38:48 2013):Adding File:base/b0078.bmp
(Tue Jul 09 02:38:48 2013):Adding File:base/b0079.bmp
(Tue Jul 09 02:38:48 2013):Adding File:base/b0080.bmp
(Tue Jul 09 02:38:48 2013):Adding File:base/b0081.bmp
(Tue Jul 09 02:38:48 2013):Adding File:base/b0082.bmp
(Tue Jul 09 02:38:48 2013):Adding File:base/b0083.bmp
(Tue Jul 09 02:38:48 2013):Adding File:base/b0084.bmp
(Tue Jul 09 02:38:48 2013):Adding File:base/b0085.bmp
(Tue Jul 09 02:38:48 2013):Adding File:base/b0085mask.bmp
(Tue Jul 09 02:38:48 2013):Adding File:base/b0086.bmp
(Tue Jul 09 02:38:48 2013):Adding File:base/b0087.bmp
(Tue Jul 09 02:38:48 2013):Adding File:base/b0088.bmp
(Tue Jul 09 02:38:48 2013):Adding File:base/b0088mask.bmp
(Tue Jul 09 02:38:48 2013):Adding File:base/b0089.bmp
(Tue Jul 09 02:38:48 2013):Adding File:base/b0089mask.bmp
(Tue Jul 09 02:38:48 2013):Adding File:base/b0090.bmp
(Tue Jul 09 02:38:48 2013):Adding File:base/b0090mask.bmp
(Tue Jul 09 02:38:48 2013):Adding File:base/b0091.bmp
(Tue Jul 09 02:38:48 2013):Adding File:base/b0091mask.bmp
(Tue Jul 09 02:38:48 2013):Adding File:base/b0092.bmp
(Tue Jul 09 02:38:48 2013):Adding File:base/b0092mask.bmp
(Tue Jul 09 02:38:48 2013):Adding File:base/b0093.bmp
(Tue Jul 09 02:38:48 2013):Adding File:base/b0093mask.bmp
(Tue Jul 09 02:38:48 2013):Adding File:base/b0094.bmp
(Tue Jul 09 02:38:48 2013):Adding File:base/b0094mask.bmp
(Tue Jul 09 02:38:48 2013):Adding File:base/b0095.bmp
(Tue Jul 09 02:38:48 2013):Adding File:base/b0095mask.bmp
(Tue Jul 09 02:38:48 2013):Adding File:base/b0096.bmp
(Tue Jul 09 02:38:48 2013):Adding File:base/b0096mask.bmp
(Tue Jul 09 02:38:48 2013):Adding File:base/b0097.bmp
(Tue Jul 09 02:38:48 2013):Adding File:base/b0097mask.bmp
(Tue Jul 09 02:38:48 2013):Adding File:base/b0098.bmp
(Tue Jul 09 02:38:48 2013):Adding File:base/b0098mask.bmp
(Tue Jul 09 02:38:48 2013):Adding File:base/b0099.bmp
(Tue Jul 09 02:38:48 2013):Adding File:base/b0099mask.bmp
(Tue Jul 09 02:38:48 2013):Adding File:base/b0100.bmp
(Tue Jul 09 02:38:48 2013):Adding File:base/b0100mask.bmp
(Tue Jul 09 02:38:48 2013):Adding File:base/b0101.bmp
(Tue Jul 09 02:38:48 2013):Adding File:base/b0102.bmp
(Tue Jul 09 02:38:48 2013):Adding File:base/b0103.bmp
(Tue Jul 09 02:38:48 2013):Adding File:base/b0104.bmp
(Tue Jul 09 02:38:48 2013):Adding File:base/b0105.bmp
(Tue Jul 09 02:38:48 2013):Adding File:base/b0106.bmp
(Tue Jul 09 02:38:48 2013):Adding File:base/b0107.bmp
(Tue Jul 09 02:38:48 2013):Adding File:base/b0108.bmp
(Tue Jul 09 02:38:48 2013):Adding File:base/b0109.bmp
(Tue Jul 09 02:38:48 2013):Adding File:base/b0110.bmp
(Tue Jul 09 02:38:48 2013):Adding File:base/b0111.bmp
(Tue Jul 09 02:38:48 2013):Adding File:base/b0112.bmp
(Tue Jul 09 02:38:48 2013):Adding File:base/b0113.bmp
(Tue Jul 09 02:38:48 2013):Adding File:base/b0114.bmp
(Tue Jul 09 02:38:48 2013):Adding File:base/b0115.bmp
(Tue Jul 09 02:38:48 2013):Adding File:base/b0116.bmp
(Tue Jul 09 02:38:48 2013):Adding File:base/b0117.bmp
(Tue Jul 09 02:38:48 2013):Adding File:base/b0118.bmp
(Tue Jul 09 02:38:48 2013):Adding File:base/b0119.bmp
(Tue Jul 09 02:38:48 2013):Adding File:base/b0120.bmp
(Tue Jul 09 02:38:48 2013):Adding File:base/b0121.bmp
(Tue Jul 09 02:38:48 2013):Adding File:base/b0122.bmp
(Tue Jul 09 02:38:48 2013):Adding File:base/b0123.bmp
(Tue Jul 09 02:38:48 2013):Adding File:base/b0123mask.bmp
(Tue Jul 09 02:38:50 2013):Adding File:base/b0124.bmp
(Tue Jul 09 02:38:50 2013):Adding File:base/b0125.bmp
(Tue Jul 09 02:38:51 2013):Adding File:base/b0126.bmp
(Tue Jul 09 02:38:51 2013):Adding File:base/b0152.bmp
(Tue Jul 09 02:38:51 2013):Adding File:base/b0153.bmp
(Tue Jul 09 02:38:51 2013):Adding File:base/Thumbs.db
(Tue Jul 09 02:38:51 2013):===========================================================================GAF constructed

(Tue Jul 09 02:38:51 2013):Adding File:buttons/000.bmp
(Tue Jul 09 02:38:51 2013):Adding File:buttons/000mask.bmp
(Tue Jul 09 02:38:51 2013):Adding File:buttons/001.bmp
(Tue Jul 09 02:38:51 2013):Adding File:buttons/001mask.bmp
(Tue Jul 09 02:38:51 2013):Adding File:buttons/002.bmp
(Tue Jul 09 02:38:51 2013):Adding File:buttons/002mask.bmp
(Tue Jul 09 02:38:51 2013):Adding File:buttons/003.bmp
(Tue Jul 09 02:38:51 2013):Adding File:buttons/003mask.bmp
(Tue Jul 09 02:38:51 2013):Adding File:buttons/004.bmp
(Tue Jul 09 02:38:51 2013):Adding File:buttons/004mask.bmp
(Tue Jul 09 02:38:51 2013):Adding File:buttons/005.bmp
(Tue Jul 09 02:38:51 2013):Adding File:buttons/005mask.bmp
(Tue Jul 09 02:38:51 2013):Adding File:buttons/006.bmp
(Tue Jul 09 02:38:51 2013):Adding File:buttons/006mask.bmp
(Tue Jul 09 02:38:51 2013):Adding File:buttons/007.bmp
(Tue Jul 09 02:38:51 2013):Adding File:buttons/007mask.bmp
(Tue Jul 09 02:38:51 2013):Adding File:buttons/008.bmp
(Tue Jul 09 02:38:51 2013):Adding File:buttons/008mask.bmp
(Tue Jul 09 02:38:51 2013):Adding File:buttons/009.bmp
(Tue Jul 09 02:38:51 2013):Adding File:buttons/009mask.bmp
(Tue Jul 09 02:38:51 2013):Adding File:buttons/010.bmp
(Tue Jul 09 02:38:51 2013):Adding File:buttons/010mask.bmp
(Tue Jul 09 02:38:51 2013):Adding File:buttons/011.bmp
(Tue Jul 09 02:38:51 2013):Adding File:buttons/011mask.bmp
(Tue Jul 09 02:38:51 2013):Adding File:buttons/012.bmp
(Tue Jul 09 02:38:51 2013):Adding File:buttons/012mask.bmp
(Tue Jul 09 02:38:51 2013):Adding File:buttons/013.bmp
(Tue Jul 09 02:38:51 2013):Adding File:buttons/013mask.bmp
(Tue Jul 09 02:38:51 2013):Adding File:buttons/014.bmp
(Tue Jul 09 02:38:51 2013):Adding File:buttons/014mask.bmp
(Tue Jul 09 02:38:51 2013):Adding File:buttons/015.bmp
(Tue Jul 09 02:38:51 2013):Adding File:buttons/015mask.bmp
(Tue Jul 09 02:38:51 2013):Adding File:buttons/016.bmp
(Tue Jul 09 02:38:51 2013):Adding File:buttons/016mask.bmp
(Tue Jul 09 02:38:51 2013):Adding File:buttons/018.bmp
(Tue Jul 09 02:38:51 2013):Adding File:buttons/018mask.bmp
(Tue Jul 09 02:38:51 2013):Adding File:buttons/030.bmp
(Tue Jul 09 02:38:51 2013):Adding File:buttons/030mask.bmp
(Tue Jul 09 02:38:51 2013):Adding File:buttons/031.bmp
(Tue Jul 09 02:38:51 2013):Adding File:buttons/031mask.bmp
(Tue Jul 09 02:38:51 2013):Adding File:buttons/032.bmp
(Tue Jul 09 02:38:51 2013):Adding File:buttons/032mask.bmp
(Tue Jul 09 02:38:51 2013):Adding File:buttons/051.bmp
(Tue Jul 09 02:38:51 2013):Adding File:buttons/051mask.bmp
(Tue Jul 09 02:38:51 2013):Adding File:buttons/052.bmp
(Tue Jul 09 02:38:51 2013):Adding File:buttons/052mask.bmp
(Tue Jul 09 02:38:51 2013):Adding File:buttons/053.bmp
(Tue Jul 09 02:38:51 2013):Adding File:buttons/053mask.bmp
(Tue Jul 09 02:38:51 2013):Adding File:buttons/076.bmp
(Tue Jul 09 02:38:51 2013):Adding File:buttons/076mask.bmp
(Tue Jul 09 02:38:51 2013):Adding File:buttons/077.bmp
(Tue Jul 09 02:38:51 2013):Adding File:buttons/077mask.bmp
(Tue Jul 09 02:38:51 2013):Adding File:buttons/078.bmp
(Tue Jul 09 02:38:51 2013):Adding File:buttons/078mask.bmp
(Tue Jul 09 02:38:51 2013):Adding File:buttons/079.bmp
(Tue Jul 09 02:38:51 2013):Adding File:buttons/079mask.bmp
(Tue Jul 09 02:38:51 2013):Adding File:buttons/080.bmp
(Tue Jul 09 02:38:51 2013):Adding File:buttons/080mask.bmp
(Tue Jul 09 02:38:51 2013):Adding File:buttons/1_left_bot.gif.bmp
(Tue Jul 09 02:38:51 2013):Adding File:buttons/1_left_mid.gif.bmp
(Tue Jul 09 02:38:51 2013):Adding File:buttons/1_left_top.gif.bmp
(Tue Jul 09 02:38:51 2013):Adding File:buttons/1_mid_bot.gif.bmp
(Tue Jul 09 02:38:51 2013):Adding File:buttons/1_mid_mid.gif.bmp
(Tue Jul 09 02:38:51 2013):Adding File:buttons/1_mid_top.gif.bmp
(Tue Jul 09 02:38:51 2013):Adding File:buttons/1_right_bot.gif.bmp
(Tue Jul 09 02:38:51 2013):Adding File:buttons/1_right_mid.gif.bmp
(Tue Jul 09 02:38:51 2013):Adding File:buttons/1_right_top.gif.bmp
(Tue Jul 09 02:38:51 2013):Adding File:buttons/2_left_bot.gif.bmp
(Tue Jul 09 02:38:51 2013):Adding File:buttons/2_left_mid.gif.bmp
(Tue Jul 09 02:38:51 2013):Adding File:buttons/2_left_top.gif.bmp
(Tue Jul 09 02:38:51 2013):Adding File:buttons/2_mid_bot.gif.bmp
(Tue Jul 09 02:38:51 2013):Adding File:buttons/2_mid_mid.gif.bmp
(Tue Jul 09 02:38:51 2013):Adding File:buttons/2_mid_top.gif.bmp
(Tue Jul 09 02:38:51 2013):Adding File:buttons/2_right_bot.gif.bmp
(Tue Jul 09 02:38:51 2013):Adding File:buttons/2_right_mid.gif.bmp
(Tue Jul 09 02:38:51 2013):Adding File:buttons/2_right_top.gif.bmp
(Tue Jul 09 02:38:51 2013):Adding File:buttons/3_left_bot.gif.bmp
(Tue Jul 09 02:38:51 2013):Adding File:buttons/3_left_mid.gif.bmp
(Tue Jul 09 02:38:51 2013):Adding File:buttons/3_left_top.gif.bmp
(Tue Jul 09 02:38:51 2013):Adding File:buttons/3_mid_bot.gif.bmp
(Tue Jul 09 02:38:51 2013):Adding File:buttons/3_mid_mid.gif.bmp
(Tue Jul 09 02:38:51 2013):Adding File:buttons/3_mid_top.gif.bmp
(Tue Jul 09 02:38:51 2013):Adding File:buttons/3_right_bot.gif.bmp
(Tue Jul 09 02:38:51 2013):Adding File:buttons/3_right_mid.gif.bmp
(Tue Jul 09 02:38:51 2013):Adding File:buttons/3_right_top.gif.bmp
(Tue Jul 09 02:38:51 2013):Adding File:buttons/4_left_bot.gif.bmp
(Tue Jul 09 02:38:51 2013):Adding File:buttons/4_left_mid.gif.bmp
(Tue Jul 09 02:38:51 2013):Adding File:buttons/4_left_top.gif.bmp
(Tue Jul 09 02:38:51 2013):Adding File:buttons/4_mid_bot.gif.bmp
(Tue Jul 09 02:38:51 2013):Adding File:buttons/4_mid_mid.gif.bmp
(Tue Jul 09 02:38:51 2013):Adding File:buttons/4_mid_top.gif.bmp
(Tue Jul 09 02:38:51 2013):Adding File:buttons/4_right_bot.gif.bmp
(Tue Jul 09 02:38:51 2013):Adding File:buttons/4_right_mid.gif.bmp
(Tue Jul 09 02:38:51 2013):Adding File:buttons/4_right_top.gif.bmp
(Tue Jul 09 02:38:51 2013):Adding File:buttons/5_left_bot.gif.bmp
(Tue Jul 09 02:38:51 2013):Adding File:buttons/5_left_mid.gif.bmp
(Tue Jul 09 02:38:51 2013):Adding File:buttons/5_left_top.gif.bmp
(Tue Jul 09 02:38:51 2013):Adding File:buttons/5_mid_bot.gif.bmp
(Tue Jul 09 02:38:51 2013):Adding File:buttons/5_mid_mid.gif.bmp
(Tue Jul 09 02:38:51 2013):Adding File:buttons/5_mid_top.gif.bmp
(Tue Jul 09 02:38:51 2013):Adding File:buttons/5_right_bot.gif.bmp
(Tue Jul 09 02:38:51 2013):Adding File:buttons/5_right_mid.gif.bmp
(Tue Jul 09 02:38:51 2013):Adding File:buttons/5_right_top.gif.bmp
(Tue Jul 09 02:38:51 2013):Adding File:buttons/6_left_bot.gif.bmp
(Tue Jul 09 02:38:51 2013):Adding File:buttons/6_left_mid.gif.bmp
(Tue Jul 09 02:38:51 2013):Adding File:buttons/6_left_top.gif.bmp
(Tue Jul 09 02:38:51 2013):Adding File:buttons/6_mid_bot.gif.bmp
(Tue Jul 09 02:38:51 2013):Adding File:buttons/6_mid_mid.gif.bmp
(Tue Jul 09 02:38:51 2013):Adding File:buttons/6_mid_top.gif.bmp
(Tue Jul 09 02:38:51 2013):Adding File:buttons/6_right_bot.gif.bmp
(Tue Jul 09 02:38:51 2013):Adding File:buttons/6_right_mid.gif.bmp
(Tue Jul 09 02:38:51 2013):Adding File:buttons/6_right_top.gif.bmp
(Tue Jul 09 02:38:51 2013):Adding File:buttons/7_left_bot.gif.bmp
(Tue Jul 09 02:38:51 2013):Adding File:buttons/7_left_mid.gif.bmp
(Tue Jul 09 02:38:51 2013):Adding File:buttons/7_left_top.gif.bmp
(Tue Jul 09 02:38:51 2013):Adding File:buttons/7_mid_bot.gif.bmp
(Tue Jul 09 02:38:51 2013):Adding File:buttons/7_mid_mid.gif.bmp
(Tue Jul 09 02:38:51 2013):Adding File:buttons/7_mid_top.gif.bmp
(Tue Jul 09 02:38:51 2013):Adding File:buttons/7_right_bot.gif.bmp
(Tue Jul 09 02:38:51 2013):Adding File:buttons/7_right_mid.gif.bmp
(Tue Jul 09 02:38:51 2013):Adding File:buttons/7_right_top.gif.bmp
(Tue Jul 09 02:38:51 2013):Adding File:buttons/ACTIONBAR.bmp
(Tue Jul 09 02:38:51 2013):Adding File:buttons/ACTIONBAR.xcf
(Tue Jul 09 02:38:51 2013):Adding File:buttons/b9_000.bmp
(Tue Jul 09 02:38:51 2013):Adding File:buttons/b9_000mask.bmp
(Tue Jul 09 02:38:51 2013):Adding File:buttons/b9_001.bmp
(Tue Jul 09 02:38:51 2013):Adding File:buttons/b9_001mask.bmp
(Tue Jul 09 02:38:51 2013):Adding File:buttons/b9_002.bmp
(Tue Jul 09 02:38:51 2013):Adding File:buttons/b9_002mask.bmp
(Tue Jul 09 02:38:51 2013):Adding File:buttons/b9_003.bmp
(Tue Jul 09 02:38:51 2013):Adding File:buttons/b9_003mask.bmp
(Tue Jul 09 02:38:51 2013):Adding File:buttons/b9_004.bmp
(Tue Jul 09 02:38:51 2013):Adding File:buttons/b9_004mask.bmp
(Tue Jul 09 02:38:51 2013):Adding File:buttons/b9_005.bmp
(Tue Jul 09 02:38:51 2013):Adding File:buttons/b9_005mask.bmp
(Tue Jul 09 02:38:51 2013):Adding File:buttons/b9_006.bmp
(Tue Jul 09 02:38:51 2013):Adding File:buttons/b9_006mask.bmp
(Tue Jul 09 02:38:51 2013):Adding File:buttons/b9_007.bmp
(Tue Jul 09 02:38:51 2013):Adding File:buttons/b9_007mask.bmp
(Tue Jul 09 02:38:51 2013):Adding File:buttons/b9_008.bmp
(Tue Jul 09 02:38:51 2013):Adding File:buttons/b9_008mask.bmp
(Tue Jul 09 02:38:51 2013):Adding File:buttons/buttons.bmp
(Tue Jul 09 02:38:51 2013):Adding File:buttons/buttonsmask.bmp
(Tue Jul 09 02:38:51 2013):Adding File:buttons/Copy of 015.bmp
(Tue Jul 09 02:38:51 2013):Adding File:buttons/Copy of 015mask.bmp
(Tue Jul 09 02:38:51 2013):Adding File:buttons/hud.bmp
(Tue Jul 09 02:38:51 2013):Adding File:buttons/hudmask.bmp
(Tue Jul 09 02:38:51 2013):Adding File:buttons/minimize.bmp
(Tue Jul 09 02:38:51 2013):Adding File:buttons/test.bmp
(Tue Jul 09 02:38:51 2013):Adding File:buttons/testmask.bmp
(Tue Jul 09 02:38:51 2013):Adding File:buttons/Thumbs.db
(Tue Jul 09 02:38:51 2013):===========================================================================GAF constructed

(Tue Jul 09 02:38:51 2013):Adding File:fonts/fnt00.bmp
(Tue Jul 09 02:38:51 2013):Adding File:fonts/fnt00mask.bmp
(Tue Jul 09 02:38:51 2013):Adding File:fonts/fnt01.bmp
(Tue Jul 09 02:38:51 2013):Adding File:fonts/fnt01mask.bmp
(Tue Jul 09 02:38:51 2013):Adding File:fonts/fnt02.bmp
(Tue Jul 09 02:38:51 2013):Adding File:fonts/fnt02mask.bmp
(Tue Jul 09 02:38:51 2013):Adding File:fonts/fnt03.bmp
(Tue Jul 09 02:38:51 2013):Adding File:fonts/fnt03mask.bmp
(Tue Jul 09 02:38:52 2013):Adding File:fonts/fnt04.bmp
(Tue Jul 09 02:38:52 2013):Adding File:fonts/fnt04mask.bmp
(Tue Jul 09 02:38:52 2013):Adding File:fonts/fnt05.bmp
(Tue Jul 09 02:38:52 2013):Adding File:fonts/fnt05mask.bmp
(Tue Jul 09 02:38:52 2013):Adding File:fonts/fnt06.bmp
(Tue Jul 09 02:38:52 2013):Adding File:fonts/fnt06mask.bmp
(Tue Jul 09 02:38:52 2013):Adding File:fonts/fnt07.bmp
(Tue Jul 09 02:38:52 2013):Adding File:fonts/fnt07mask.bmp
(Tue Jul 09 02:38:52 2013):Adding File:fonts/fnt08.bmp
(Tue Jul 09 02:38:52 2013):Adding File:fonts/fnt08mask.bmp
(Tue Jul 09 02:38:52 2013):Adding File:fonts/fnt10.bmp
(Tue Jul 09 02:38:52 2013):Adding File:fonts/fnt10mask.bmp
(Tue Jul 09 02:38:52 2013):Adding File:fonts/fnt11.bmp
(Tue Jul 09 02:38:52 2013):Adding File:fonts/fnt11mask.bmp
(Tue Jul 09 02:38:52 2013):Adding File:fonts/makeBMPmask.exe
(Tue Jul 09 02:38:52 2013):Adding File:fonts/Thumbs.db
(Tue Jul 09 02:38:52 2013):===========================================================================GAF constructed

(Tue Jul 09 02:38:52 2013):Adding File:mouse/0.bmp
(Tue Jul 09 02:38:52 2013):Adding File:mouse/0mask.bmp
(Tue Jul 09 02:38:52 2013):Adding File:mouse/1.bmp
(Tue Jul 09 02:38:52 2013):Adding File:mouse/10.bmp
(Tue Jul 09 02:38:52 2013):Adding File:mouse/10mask.bmp
(Tue Jul 09 02:38:52 2013):Adding File:mouse/1mask.bmp
(Tue Jul 09 02:38:52 2013):Adding File:mouse/2.bmp
(Tue Jul 09 02:38:52 2013):Adding File:mouse/3.bmp
(Tue Jul 09 02:38:52 2013):Adding File:mouse/4.bmp
(Tue Jul 09 02:38:52 2013):Adding File:mouse/4mask.bmp
(Tue Jul 09 02:38:52 2013):Adding File:mouse/5.bmp
(Tue Jul 09 02:38:52 2013):Adding File:mouse/6.bmp
(Tue Jul 09 02:38:52 2013):Adding File:mouse/7.bmp
(Tue Jul 09 02:38:52 2013):Adding File:mouse/8.bmp
(Tue Jul 09 02:38:52 2013):Adding File:mouse/9.bmp
(Tue Jul 09 02:38:52 2013):Adding File:mouse/9.ini
(Tue Jul 09 02:38:52 2013):Adding File:mouse/9mask.bmp
(Tue Jul 09 02:38:52 2013):Adding File:mouse/Thumbs.db
(Tue Jul 09 02:38:52 2013):===========================================================================GAF constructed

(Tue Jul 09 02:38:52 2013):Adding File:models/0000
(Tue Jul 09 02:38:52 2013):ERROR Adding File:models/0000 (models\0000)
(Tue Jul 09 02:38:52 2013):Adding File:models/0000.bmp
(Tue Jul 09 02:38:52 2013):Adding File:models/0000.md2
(Tue Jul 09 02:38:52 2013):Adding File:models/0000mask.bmp
(Tue Jul 09 02:38:52 2013):Adding File:models/0001
(Tue Jul 09 02:38:52 2013):ERROR Adding File:models/0001 (models\0001)
(Tue Jul 09 02:38:52 2013):Adding File:models/0002
(Tue Jul 09 02:38:52 2013):ERROR Adding File:models/0002 (models\0002)
(Tue Jul 09 02:38:52 2013):Adding File:models/0003
(Tue Jul 09 02:38:52 2013):ERROR Adding File:models/0003 (models\0003)
